<?xml version="1.0" encoding="UTF-8"?>
<testsuite xmlns:xsi="http://www.w3.org/2001/XMLSchema-instance" xsi:noNamespaceSchemaLocation="https://maven.apache.org/surefire/maven-surefire-plugin/xsd/surefire-test-report.xsd" version="3.0.2" name="com.example.demomaven.repository.ComponentRepositoryIntegrationTest" time="2.15" tests="4" errors="0" skipped="0" failures="0">
  <properties>
    <property name="java.specification.version" value="22"/>
    <property name="sun.jnu.encoding" value="UTF-8"/>
    <property name="java.class.path" value="/Users/artemderkach/Downloads/demomaven/target/test-classes:/Users/artemderkach/Downloads/demomaven/target/classes:/Users/artemderkach/.m2/repository/org/springframework/boot/spring-boot-starter/3.4.5/spring-boot-starter-3.4.5.jar:/Users/artemderkach/.m2/repository/org/springframework/boot/spring-boot/3.4.5/spring-boot-3.4.5.jar:/Users/artemderkach/.m2/repository/org/springframework/spring-context/6.2.6/spring-context-6.2.6.jar:/Users/artemderkach/.m2/repository/org/springframework/boot/spring-boot-autoconfigure/3.4.5/spring-boot-autoconfigure-3.4.5.jar:/Users/artemderkach/.m2/repository/org/springframework/boot/spring-boot-starter-logging/3.4.5/spring-boot-starter-logging-3.4.5.jar:/Users/artemderkach/.m2/repository/ch/qos/logback/logback-classic/1.5.18/logback-classic-1.5.18.jar:/Users/artemderkach/.m2/repository/ch/qos/logback/logback-core/1.5.18/logback-core-1.5.18.jar:/Users/artemderkach/.m2/repository/org/apache/logging/log4j/log4j-to-slf4j/2.24.3/log4j-to-slf4j-2.24.3.jar:/Users/artemderkach/.m2/repository/org/apache/logging/log4j/log4j-api/2.24.3/log4j-api-2.24.3.jar:/Users/artemderkach/.m2/repository/org/slf4j/jul-to-slf4j/2.0.17/jul-to-slf4j-2.0.17.jar:/Users/artemderkach/.m2/repository/jakarta/annotation/jakarta.annotation-api/2.1.1/jakarta.annotation-api-2.1.1.jar:/Users/artemderkach/.m2/repository/org/springframework/spring-core/6.2.6/spring-core-6.2.6.jar:/Users/artemderkach/.m2/repository/org/springframework/spring-jcl/6.2.6/spring-jcl-6.2.6.jar:/Users/artemderkach/.m2/repository/org/yaml/snakeyaml/2.3/snakeyaml-2.3.jar:/Users/artemderkach/.m2/repository/org/springframework/boot/spring-boot-starter-web/3.4.5/spring-boot-starter-web-3.4.5.jar:/Users/artemderkach/.m2/repository/org/springframework/boot/spring-boot-starter-json/3.4.5/spring-boot-starter-json-3.4.5.jar:/Users/artemderkach/.m2/repository/com/fasterxml/jackson/core/jackson-databind/2.18.3/jackson-databind-2.18.3.jar:/Users/artemderkach/.m2/repository/com/fasterxml/jackson/core/jackson-annotations/2.18.3/jackson-annotations-2.18.3.jar:/Users/artemderkach/.m2/repository/com/fasterxml/jackson/core/jackson-core/2.18.3/jackson-core-2.18.3.jar:/Users/artemderkach/.m2/repository/com/fasterxml/jackson/datatype/jackson-datatype-jdk8/2.18.3/jackson-datatype-jdk8-2.18.3.jar:/Users/artemderkach/.m2/repository/com/fasterxml/jackson/datatype/jackson-datatype-jsr310/2.18.3/jackson-datatype-jsr310-2.18.3.jar:/Users/artemderkach/.m2/repository/com/fasterxml/jackson/module/jackson-module-parameter-names/2.18.3/jackson-module-parameter-names-2.18.3.jar:/Users/artemderkach/.m2/repository/org/springframework/boot/spring-boot-starter-tomcat/3.4.5/spring-boot-starter-tomcat-3.4.5.jar:/Users/artemderkach/.m2/repository/org/apache/tomcat/embed/tomcat-embed-core/10.1.40/tomcat-embed-core-10.1.40.jar:/Users/artemderkach/.m2/repository/org/apache/tomcat/embed/tomcat-embed-el/10.1.40/tomcat-embed-el-10.1.40.jar:/Users/artemderkach/.m2/repository/org/apache/tomcat/embed/tomcat-embed-websocket/10.1.40/tomcat-embed-websocket-10.1.40.jar:/Users/artemderkach/.m2/repository/org/springframework/spring-web/6.2.6/spring-web-6.2.6.jar:/Users/artemderkach/.m2/repository/org/springframework/spring-beans/6.2.6/spring-beans-6.2.6.jar:/Users/artemderkach/.m2/repository/io/micrometer/micrometer-observation/1.14.6/micrometer-observation-1.14.6.jar:/Users/artemderkach/.m2/repository/io/micrometer/micrometer-commons/1.14.6/micrometer-commons-1.14.6.jar:/Users/artemderkach/.m2/repository/org/springframework/spring-webmvc/6.2.6/spring-webmvc-6.2.6.jar:/Users/artemderkach/.m2/repository/org/springframework/spring-expression/6.2.6/spring-expression-6.2.6.jar:/Users/artemderkach/.m2/repository/org/springframework/boot/spring-boot-starter-data-jpa/3.4.5/spring-boot-starter-data-jpa-3.4.5.jar:/Users/artemderkach/.m2/repository/org/springframework/boot/spring-boot-starter-jdbc/3.4.5/spring-boot-starter-jdbc-3.4.5.jar:/Users/artemderkach/.m2/repository/com/zaxxer/HikariCP/5.1.0/HikariCP-5.1.0.jar:/Users/artemderkach/.m2/repository/org/springframework/spring-jdbc/6.2.6/spring-jdbc-6.2.6.jar:/Users/artemderkach/.m2/repository/org/hibernate/orm/hibernate-core/6.6.13.Final/hibernate-core-6.6.13.Final.jar:/Users/artemderkach/.m2/repository/jakarta/persistence/jakarta.persistence-api/3.1.0/jakarta.persistence-api-3.1.0.jar:/Users/artemderkach/.m2/repository/jakarta/transaction/jakarta.transaction-api/2.0.1/jakarta.transaction-api-2.0.1.jar:/Users/artemderkach/.m2/repository/org/jboss/logging/jboss-logging/3.6.1.Final/jboss-logging-3.6.1.Final.jar:/Users/artemderkach/.m2/repository/org/hibernate/common/hibernate-commons-annotations/7.0.3.Final/hibernate-commons-annotations-7.0.3.Final.jar:/Users/artemderkach/.m2/repository/io/smallrye/jandex/3.2.0/jandex-3.2.0.jar:/Users/artemderkach/.m2/repository/com/fasterxml/classmate/1.7.0/classmate-1.7.0.jar:/Users/artemderkach/.m2/repository/net/bytebuddy/byte-buddy/1.15.11/byte-buddy-1.15.11.jar:/Users/artemderkach/.m2/repository/org/glassfish/jaxb/jaxb-runtime/4.0.5/jaxb-runtime-4.0.5.jar:/Users/artemderkach/.m2/repository/org/glassfish/jaxb/jaxb-core/4.0.5/jaxb-core-4.0.5.jar:/Users/artemderkach/.m2/repository/org/eclipse/angus/angus-activation/2.0.2/angus-activation-2.0.2.jar:/Users/artemderkach/.m2/repository/org/glassfish/jaxb/txw2/4.0.5/txw2-4.0.5.jar:/Users/artemderkach/.m2/repository/com/sun/istack/istack-commons-runtime/4.1.2/istack-commons-runtime-4.1.2.jar:/Users/artemderkach/.m2/repository/jakarta/inject/jakarta.inject-api/2.0.1/jakarta.inject-api-2.0.1.jar:/Users/artemderkach/.m2/repository/org/antlr/antlr4-runtime/4.13.0/antlr4-runtime-4.13.0.jar:/Users/artemderkach/.m2/repository/org/springframework/data/spring-data-jpa/3.4.5/spring-data-jpa-3.4.5.jar:/Users/artemderkach/.m2/repository/org/springframework/data/spring-data-commons/3.4.5/spring-data-commons-3.4.5.jar:/Users/artemderkach/.m2/repository/org/springframework/spring-orm/6.2.6/spring-orm-6.2.6.jar:/Users/artemderkach/.m2/repository/org/springframework/spring-tx/6.2.6/spring-tx-6.2.6.jar:/Users/artemderkach/.m2/repository/org/slf4j/slf4j-api/2.0.17/slf4j-api-2.0.17.jar:/Users/artemderkach/.m2/repository/org/springframework/spring-aspects/6.2.6/spring-aspects-6.2.6.jar:/Users/artemderkach/.m2/repository/org/aspectj/aspectjweaver/1.9.24/aspectjweaver-1.9.24.jar:/Users/artemderkach/.m2/repository/org/springframework/boot/spring-boot-starter-oauth2-client/3.4.5/spring-boot-starter-oauth2-client-3.4.5.jar:/Users/artemderkach/.m2/repository/org/springframework/security/spring-security-config/6.4.5/spring-security-config-6.4.5.jar:/Users/artemderkach/.m2/repository/org/springframework/security/spring-security-core/6.4.5/spring-security-core-6.4.5.jar:/Users/artemderkach/.m2/repository/org/springframework/security/spring-security-crypto/6.4.5/spring-security-crypto-6.4.5.jar:/Users/artemderkach/.m2/repository/org/springframework/security/spring-security-oauth2-client/6.4.5/spring-security-oauth2-client-6.4.5.jar:/Users/artemderkach/.m2/repository/org/springframework/security/spring-security-oauth2-core/6.4.5/spring-security-oauth2-core-6.4.5.jar:/Users/artemderkach/.m2/repository/com/nimbusds/oauth2-oidc-sdk/9.43.6/oauth2-oidc-sdk-9.43.6.jar:/Users/artemderkach/.m2/repository/com/github/stephenc/jcip/jcip-annotations/1.0-1/jcip-annotations-1.0-1.jar:/Users/artemderkach/.m2/repository/com/nimbusds/content-type/2.2/content-type-2.2.jar:/Users/artemderkach/.m2/repository/com/nimbusds/lang-tag/1.7/lang-tag-1.7.jar:/Users/artemderkach/.m2/repository/org/springframework/security/spring-security-oauth2-jose/6.4.5/spring-security-oauth2-jose-6.4.5.jar:/Users/artemderkach/.m2/repository/com/nimbusds/nimbus-jose-jwt/9.37.3/nimbus-jose-jwt-9.37.3.jar:/Users/artemderkach/.m2/repository/org/springframework/boot/spring-boot-starter-security/3.4.5/spring-boot-starter-security-3.4.5.jar:/Users/artemderkach/.m2/repository/org/springframework/spring-aop/6.2.6/spring-aop-6.2.6.jar:/Users/artemderkach/.m2/repository/org/springframework/security/spring-security-web/6.4.5/spring-security-web-6.4.5.jar:/Users/artemderkach/.m2/repository/org/springdoc/springdoc-openapi-starter-webmvc-ui/2.3.0/springdoc-openapi-starter-webmvc-ui-2.3.0.jar:/Users/artemderkach/.m2/repository/org/springdoc/springdoc-openapi-starter-webmvc-api/2.3.0/springdoc-openapi-starter-webmvc-api-2.3.0.jar:/Users/artemderkach/.m2/repository/org/springdoc/springdoc-openapi-starter-common/2.3.0/springdoc-openapi-starter-common-2.3.0.jar:/Users/artemderkach/.m2/repository/io/swagger/core/v3/swagger-core-jakarta/2.2.19/swagger-core-jakarta-2.2.19.jar:/Users/artemderkach/.m2/repository/org/apache/commons/commons-lang3/3.17.0/commons-lang3-3.17.0.jar:/Users/artemderkach/.m2/repository/io/swagger/core/v3/swagger-annotations-jakarta/2.2.19/swagger-annotations-jakarta-2.2.19.jar:/Users/artemderkach/.m2/repository/io/swagger/core/v3/swagger-models-jakarta/2.2.19/swagger-models-jakarta-2.2.19.jar:/Users/artemderkach/.m2/repository/jakarta/validation/jakarta.validation-api/3.0.2/jakarta.validation-api-3.0.2.jar:/Users/artemderkach/.m2/repository/com/fasterxml/jackson/dataformat/jackson-dataformat-yaml/2.18.3/jackson-dataformat-yaml-2.18.3.jar:/Users/artemderkach/.m2/repository/org/webjars/swagger-ui/5.10.3/swagger-ui-5.10.3.jar:/Users/artemderkach/.m2/repository/org/springframework/boot/spring-boot-starter-thymeleaf/3.4.5/spring-boot-starter-thymeleaf-3.4.5.jar:/Users/artemderkach/.m2/repository/org/thymeleaf/thymeleaf-spring6/3.1.3.RELEASE/thymeleaf-spring6-3.1.3.RELEASE.jar:/Users/artemderkach/.m2/repository/org/thymeleaf/thymeleaf/3.1.3.RELEASE/thymeleaf-3.1.3.RELEASE.jar:/Users/artemderkach/.m2/repository/org/attoparser/attoparser/2.0.7.RELEASE/attoparser-2.0.7.RELEASE.jar:/Users/artemderkach/.m2/repository/org/unbescape/unbescape/1.1.6.RELEASE/unbescape-1.1.6.RELEASE.jar:/Users/artemderkach/.m2/repository/org/postgresql/postgresql/42.7.5/postgresql-42.7.5.jar:/Users/artemderkach/.m2/repository/org/checkerframework/checker-qual/3.48.3/checker-qual-3.48.3.jar:/Users/artemderkach/.m2/repository/org/projectlombok/lombok/1.18.38/lombok-1.18.38.jar:/Users/artemderkach/.m2/repository/org/springframework/boot/spring-boot-starter-test/3.4.5/spring-boot-starter-test-3.4.5.jar:/Users/artemderkach/.m2/repository/org/springframework/boot/spring-boot-test/3.4.5/spring-boot-test-3.4.5.jar:/Users/artemderkach/.m2/repository/org/springframework/boot/spring-boot-test-autoconfigure/3.4.5/spring-boot-test-autoconfigure-3.4.5.jar:/Users/artemderkach/.m2/repository/com/jayway/jsonpath/json-path/2.9.0/json-path-2.9.0.jar:/Users/artemderkach/.m2/repository/jakarta/xml/bind/jakarta.xml.bind-api/4.0.2/jakarta.xml.bind-api-4.0.2.jar:/Users/artemderkach/.m2/repository/jakarta/activation/jakarta.activation-api/2.1.3/jakarta.activation-api-2.1.3.jar:/Users/artemderkach/.m2/repository/net/minidev/json-smart/2.5.2/json-smart-2.5.2.jar:/Users/artemderkach/.m2/repository/net/minidev/accessors-smart/2.5.2/accessors-smart-2.5.2.jar:/Users/artemderkach/.m2/repository/org/ow2/asm/asm/9.7.1/asm-9.7.1.jar:/Users/artemderkach/.m2/repository/org/assertj/assertj-core/3.26.3/assertj-core-3.26.3.jar:/Users/artemderkach/.m2/repository/org/awaitility/awaitility/4.2.2/awaitility-4.2.2.jar:/Users/artemderkach/.m2/repository/org/hamcrest/hamcrest/2.2/hamcrest-2.2.jar:/Users/artemderkach/.m2/repository/org/junit/jupiter/junit-jupiter/5.11.4/junit-jupiter-5.11.4.jar:/Users/artemderkach/.m2/repository/org/junit/jupiter/junit-jupiter-api/5.11.4/junit-jupiter-api-5.11.4.jar:/Users/artemderkach/.m2/repository/org/opentest4j/opentest4j/1.3.0/opentest4j-1.3.0.jar:/Users/artemderkach/.m2/repository/org/junit/platform/junit-platform-commons/1.11.4/junit-platform-commons-1.11.4.jar:/Users/artemderkach/.m2/repository/org/apiguardian/apiguardian-api/1.1.2/apiguardian-api-1.1.2.jar:/Users/artemderkach/.m2/repository/org/junit/jupiter/junit-jupiter-params/5.11.4/junit-jupiter-params-5.11.4.jar:/Users/artemderkach/.m2/repository/org/junit/jupiter/junit-jupiter-engine/5.11.4/junit-jupiter-engine-5.11.4.jar:/Users/artemderkach/.m2/repository/org/junit/platform/junit-platform-engine/1.11.4/junit-platform-engine-1.11.4.jar:/Users/artemderkach/.m2/repository/org/mockito/mockito-core/5.14.2/mockito-core-5.14.2.jar:/Users/artemderkach/.m2/repository/net/bytebuddy/byte-buddy-agent/1.15.11/byte-buddy-agent-1.15.11.jar:/Users/artemderkach/.m2/repository/org/objenesis/objenesis/3.3/objenesis-3.3.jar:/Users/artemderkach/.m2/repository/org/mockito/mockito-junit-jupiter/5.14.2/mockito-junit-jupiter-5.14.2.jar:/Users/artemderkach/.m2/repository/org/skyscreamer/jsonassert/1.5.3/jsonassert-1.5.3.jar:/Users/artemderkach/.m2/repository/com/vaadin/external/google/android-json/0.0.20131108.vaadin1/android-json-0.0.20131108.vaadin1.jar:/Users/artemderkach/.m2/repository/org/springframework/spring-test/6.2.6/spring-test-6.2.6.jar:/Users/artemderkach/.m2/repository/org/xmlunit/xmlunit-core/2.10.0/xmlunit-core-2.10.0.jar:/Users/artemderkach/.m2/repository/com/h2database/h2/2.3.232/h2-2.3.232.jar:"/>
    <property name="java.vm.vendor" value="Amazon.com Inc."/>
    <property name="sun.arch.data.model" value="64"/>
    <property name="java.vendor.url" value="https://aws.amazon.com/corretto/"/>
    <property name="user.timezone" value="Europe/Kiev"/>
    <property name="org.jboss.logging.provider" value="slf4j"/>
    <property name="os.name" value="Mac OS X"/>
    <property name="java.vm.specification.version" value="22"/>
    <property name="APPLICATION_NAME" value="demomaven"/>
    <property name="sun.java.launcher" value="SUN_STANDARD"/>
    <property name="user.country" value="UA"/>
    <property name="sun.boot.library.path" value="/Users/artemderkach/Library/Java/JavaVirtualMachines/corretto-22.0.2/Contents/Home/lib"/>
    <property name="sun.java.command" value="/Users/artemderkach/Downloads/demomaven/target/surefire/surefirebooter-20250522233549588_3.jar /Users/artemderkach/Downloads/demomaven/target/surefire 2025-05-22T23-35-49_541-jvmRun1 surefire-20250522233549588_1tmp surefire_0-20250522233549588_2tmp"/>
    <property name="jdk.debug" value="release"/>
    <property name="surefire.test.class.path" value="/Users/artemderkach/Downloads/demomaven/target/test-classes:/Users/artemderkach/Downloads/demomaven/target/classes:/Users/artemderkach/.m2/repository/org/springframework/boot/spring-boot-starter/3.4.5/spring-boot-starter-3.4.5.jar:/Users/artemderkach/.m2/repository/org/springframework/boot/spring-boot/3.4.5/spring-boot-3.4.5.jar:/Users/artemderkach/.m2/repository/org/springframework/spring-context/6.2.6/spring-context-6.2.6.jar:/Users/artemderkach/.m2/repository/org/springframework/boot/spring-boot-autoconfigure/3.4.5/spring-boot-autoconfigure-3.4.5.jar:/Users/artemderkach/.m2/repository/org/springframework/boot/spring-boot-starter-logging/3.4.5/spring-boot-starter-logging-3.4.5.jar:/Users/artemderkach/.m2/repository/ch/qos/logback/logback-classic/1.5.18/logback-classic-1.5.18.jar:/Users/artemderkach/.m2/repository/ch/qos/logback/logback-core/1.5.18/logback-core-1.5.18.jar:/Users/artemderkach/.m2/repository/org/apache/logging/log4j/log4j-to-slf4j/2.24.3/log4j-to-slf4j-2.24.3.jar:/Users/artemderkach/.m2/repository/org/apache/logging/log4j/log4j-api/2.24.3/log4j-api-2.24.3.jar:/Users/artemderkach/.m2/repository/org/slf4j/jul-to-slf4j/2.0.17/jul-to-slf4j-2.0.17.jar:/Users/artemderkach/.m2/repository/jakarta/annotation/jakarta.annotation-api/2.1.1/jakarta.annotation-api-2.1.1.jar:/Users/artemderkach/.m2/repository/org/springframework/spring-core/6.2.6/spring-core-6.2.6.jar:/Users/artemderkach/.m2/repository/org/springframework/spring-jcl/6.2.6/spring-jcl-6.2.6.jar:/Users/artemderkach/.m2/repository/org/yaml/snakeyaml/2.3/snakeyaml-2.3.jar:/Users/artemderkach/.m2/repository/org/springframework/boot/spring-boot-starter-web/3.4.5/spring-boot-starter-web-3.4.5.jar:/Users/artemderkach/.m2/repository/org/springframework/boot/spring-boot-starter-json/3.4.5/spring-boot-starter-json-3.4.5.jar:/Users/artemderkach/.m2/repository/com/fasterxml/jackson/core/jackson-databind/2.18.3/jackson-databind-2.18.3.jar:/Users/artemderkach/.m2/repository/com/fasterxml/jackson/core/jackson-annotations/2.18.3/jackson-annotations-2.18.3.jar:/Users/artemderkach/.m2/repository/com/fasterxml/jackson/core/jackson-core/2.18.3/jackson-core-2.18.3.jar:/Users/artemderkach/.m2/repository/com/fasterxml/jackson/datatype/jackson-datatype-jdk8/2.18.3/jackson-datatype-jdk8-2.18.3.jar:/Users/artemderkach/.m2/repository/com/fasterxml/jackson/datatype/jackson-datatype-jsr310/2.18.3/jackson-datatype-jsr310-2.18.3.jar:/Users/artemderkach/.m2/repository/com/fasterxml/jackson/module/jackson-module-parameter-names/2.18.3/jackson-module-parameter-names-2.18.3.jar:/Users/artemderkach/.m2/repository/org/springframework/boot/spring-boot-starter-tomcat/3.4.5/spring-boot-starter-tomcat-3.4.5.jar:/Users/artemderkach/.m2/repository/org/apache/tomcat/embed/tomcat-embed-core/10.1.40/tomcat-embed-core-10.1.40.jar:/Users/artemderkach/.m2/repository/org/apache/tomcat/embed/tomcat-embed-el/10.1.40/tomcat-embed-el-10.1.40.jar:/Users/artemderkach/.m2/repository/org/apache/tomcat/embed/tomcat-embed-websocket/10.1.40/tomcat-embed-websocket-10.1.40.jar:/Users/artemderkach/.m2/repository/org/springframework/spring-web/6.2.6/spring-web-6.2.6.jar:/Users/artemderkach/.m2/repository/org/springframework/spring-beans/6.2.6/spring-beans-6.2.6.jar:/Users/artemderkach/.m2/repository/io/micrometer/micrometer-observation/1.14.6/micrometer-observation-1.14.6.jar:/Users/artemderkach/.m2/repository/io/micrometer/micrometer-commons/1.14.6/micrometer-commons-1.14.6.jar:/Users/artemderkach/.m2/repository/org/springframework/spring-webmvc/6.2.6/spring-webmvc-6.2.6.jar:/Users/artemderkach/.m2/repository/org/springframework/spring-expression/6.2.6/spring-expression-6.2.6.jar:/Users/artemderkach/.m2/repository/org/springframework/boot/spring-boot-starter-data-jpa/3.4.5/spring-boot-starter-data-jpa-3.4.5.jar:/Users/artemderkach/.m2/repository/org/springframework/boot/spring-boot-starter-jdbc/3.4.5/spring-boot-starter-jdbc-3.4.5.jar:/Users/artemderkach/.m2/repository/com/zaxxer/HikariCP/5.1.0/HikariCP-5.1.0.jar:/Users/artemderkach/.m2/repository/org/springframework/spring-jdbc/6.2.6/spring-jdbc-6.2.6.jar:/Users/artemderkach/.m2/repository/org/hibernate/orm/hibernate-core/6.6.13.Final/hibernate-core-6.6.13.Final.jar:/Users/artemderkach/.m2/repository/jakarta/persistence/jakarta.persistence-api/3.1.0/jakarta.persistence-api-3.1.0.jar:/Users/artemderkach/.m2/repository/jakarta/transaction/jakarta.transaction-api/2.0.1/jakarta.transaction-api-2.0.1.jar:/Users/artemderkach/.m2/repository/org/jboss/logging/jboss-logging/3.6.1.Final/jboss-logging-3.6.1.Final.jar:/Users/artemderkach/.m2/repository/org/hibernate/common/hibernate-commons-annotations/7.0.3.Final/hibernate-commons-annotations-7.0.3.Final.jar:/Users/artemderkach/.m2/repository/io/smallrye/jandex/3.2.0/jandex-3.2.0.jar:/Users/artemderkach/.m2/repository/com/fasterxml/classmate/1.7.0/classmate-1.7.0.jar:/Users/artemderkach/.m2/repository/net/bytebuddy/byte-buddy/1.15.11/byte-buddy-1.15.11.jar:/Users/artemderkach/.m2/repository/org/glassfish/jaxb/jaxb-runtime/4.0.5/jaxb-runtime-4.0.5.jar:/Users/artemderkach/.m2/repository/org/glassfish/jaxb/jaxb-core/4.0.5/jaxb-core-4.0.5.jar:/Users/artemderkach/.m2/repository/org/eclipse/angus/angus-activation/2.0.2/angus-activation-2.0.2.jar:/Users/artemderkach/.m2/repository/org/glassfish/jaxb/txw2/4.0.5/txw2-4.0.5.jar:/Users/artemderkach/.m2/repository/com/sun/istack/istack-commons-runtime/4.1.2/istack-commons-runtime-4.1.2.jar:/Users/artemderkach/.m2/repository/jakarta/inject/jakarta.inject-api/2.0.1/jakarta.inject-api-2.0.1.jar:/Users/artemderkach/.m2/repository/org/antlr/antlr4-runtime/4.13.0/antlr4-runtime-4.13.0.jar:/Users/artemderkach/.m2/repository/org/springframework/data/spring-data-jpa/3.4.5/spring-data-jpa-3.4.5.jar:/Users/artemderkach/.m2/repository/org/springframework/data/spring-data-commons/3.4.5/spring-data-commons-3.4.5.jar:/Users/artemderkach/.m2/repository/org/springframework/spring-orm/6.2.6/spring-orm-6.2.6.jar:/Users/artemderkach/.m2/repository/org/springframework/spring-tx/6.2.6/spring-tx-6.2.6.jar:/Users/artemderkach/.m2/repository/org/slf4j/slf4j-api/2.0.17/slf4j-api-2.0.17.jar:/Users/artemderkach/.m2/repository/org/springframework/spring-aspects/6.2.6/spring-aspects-6.2.6.jar:/Users/artemderkach/.m2/repository/org/aspectj/aspectjweaver/1.9.24/aspectjweaver-1.9.24.jar:/Users/artemderkach/.m2/repository/org/springframework/boot/spring-boot-starter-oauth2-client/3.4.5/spring-boot-starter-oauth2-client-3.4.5.jar:/Users/artemderkach/.m2/repository/org/springframework/security/spring-security-config/6.4.5/spring-security-config-6.4.5.jar:/Users/artemderkach/.m2/repository/org/springframework/security/spring-security-core/6.4.5/spring-security-core-6.4.5.jar:/Users/artemderkach/.m2/repository/org/springframework/security/spring-security-crypto/6.4.5/spring-security-crypto-6.4.5.jar:/Users/artemderkach/.m2/repository/org/springframework/security/spring-security-oauth2-client/6.4.5/spring-security-oauth2-client-6.4.5.jar:/Users/artemderkach/.m2/repository/org/springframework/security/spring-security-oauth2-core/6.4.5/spring-security-oauth2-core-6.4.5.jar:/Users/artemderkach/.m2/repository/com/nimbusds/oauth2-oidc-sdk/9.43.6/oauth2-oidc-sdk-9.43.6.jar:/Users/artemderkach/.m2/repository/com/github/stephenc/jcip/jcip-annotations/1.0-1/jcip-annotations-1.0-1.jar:/Users/artemderkach/.m2/repository/com/nimbusds/content-type/2.2/content-type-2.2.jar:/Users/artemderkach/.m2/repository/com/nimbusds/lang-tag/1.7/lang-tag-1.7.jar:/Users/artemderkach/.m2/repository/org/springframework/security/spring-security-oauth2-jose/6.4.5/spring-security-oauth2-jose-6.4.5.jar:/Users/artemderkach/.m2/repository/com/nimbusds/nimbus-jose-jwt/9.37.3/nimbus-jose-jwt-9.37.3.jar:/Users/artemderkach/.m2/repository/org/springframework/boot/spring-boot-starter-security/3.4.5/spring-boot-starter-security-3.4.5.jar:/Users/artemderkach/.m2/repository/org/springframework/spring-aop/6.2.6/spring-aop-6.2.6.jar:/Users/artemderkach/.m2/repository/org/springframework/security/spring-security-web/6.4.5/spring-security-web-6.4.5.jar:/Users/artemderkach/.m2/repository/org/springdoc/springdoc-openapi-starter-webmvc-ui/2.3.0/springdoc-openapi-starter-webmvc-ui-2.3.0.jar:/Users/artemderkach/.m2/repository/org/springdoc/springdoc-openapi-starter-webmvc-api/2.3.0/springdoc-openapi-starter-webmvc-api-2.3.0.jar:/Users/artemderkach/.m2/repository/org/springdoc/springdoc-openapi-starter-common/2.3.0/springdoc-openapi-starter-common-2.3.0.jar:/Users/artemderkach/.m2/repository/io/swagger/core/v3/swagger-core-jakarta/2.2.19/swagger-core-jakarta-2.2.19.jar:/Users/artemderkach/.m2/repository/org/apache/commons/commons-lang3/3.17.0/commons-lang3-3.17.0.jar:/Users/artemderkach/.m2/repository/io/swagger/core/v3/swagger-annotations-jakarta/2.2.19/swagger-annotations-jakarta-2.2.19.jar:/Users/artemderkach/.m2/repository/io/swagger/core/v3/swagger-models-jakarta/2.2.19/swagger-models-jakarta-2.2.19.jar:/Users/artemderkach/.m2/repository/jakarta/validation/jakarta.validation-api/3.0.2/jakarta.validation-api-3.0.2.jar:/Users/artemderkach/.m2/repository/com/fasterxml/jackson/dataformat/jackson-dataformat-yaml/2.18.3/jackson-dataformat-yaml-2.18.3.jar:/Users/artemderkach/.m2/repository/org/webjars/swagger-ui/5.10.3/swagger-ui-5.10.3.jar:/Users/artemderkach/.m2/repository/org/springframework/boot/spring-boot-starter-thymeleaf/3.4.5/spring-boot-starter-thymeleaf-3.4.5.jar:/Users/artemderkach/.m2/repository/org/thymeleaf/thymeleaf-spring6/3.1.3.RELEASE/thymeleaf-spring6-3.1.3.RELEASE.jar:/Users/artemderkach/.m2/repository/org/thymeleaf/thymeleaf/3.1.3.RELEASE/thymeleaf-3.1.3.RELEASE.jar:/Users/artemderkach/.m2/repository/org/attoparser/attoparser/2.0.7.RELEASE/attoparser-2.0.7.RELEASE.jar:/Users/artemderkach/.m2/repository/org/unbescape/unbescape/1.1.6.RELEASE/unbescape-1.1.6.RELEASE.jar:/Users/artemderkach/.m2/repository/org/postgresql/postgresql/42.7.5/postgresql-42.7.5.jar:/Users/artemderkach/.m2/repository/org/checkerframework/checker-qual/3.48.3/checker-qual-3.48.3.jar:/Users/artemderkach/.m2/repository/org/projectlombok/lombok/1.18.38/lombok-1.18.38.jar:/Users/artemderkach/.m2/repository/org/springframework/boot/spring-boot-starter-test/3.4.5/spring-boot-starter-test-3.4.5.jar:/Users/artemderkach/.m2/repository/org/springframework/boot/spring-boot-test/3.4.5/spring-boot-test-3.4.5.jar:/Users/artemderkach/.m2/repository/org/springframework/boot/spring-boot-test-autoconfigure/3.4.5/spring-boot-test-autoconfigure-3.4.5.jar:/Users/artemderkach/.m2/repository/com/jayway/jsonpath/json-path/2.9.0/json-path-2.9.0.jar:/Users/artemderkach/.m2/repository/jakarta/xml/bind/jakarta.xml.bind-api/4.0.2/jakarta.xml.bind-api-4.0.2.jar:/Users/artemderkach/.m2/repository/jakarta/activation/jakarta.activation-api/2.1.3/jakarta.activation-api-2.1.3.jar:/Users/artemderkach/.m2/repository/net/minidev/json-smart/2.5.2/json-smart-2.5.2.jar:/Users/artemderkach/.m2/repository/net/minidev/accessors-smart/2.5.2/accessors-smart-2.5.2.jar:/Users/artemderkach/.m2/repository/org/ow2/asm/asm/9.7.1/asm-9.7.1.jar:/Users/artemderkach/.m2/repository/org/assertj/assertj-core/3.26.3/assertj-core-3.26.3.jar:/Users/artemderkach/.m2/repository/org/awaitility/awaitility/4.2.2/awaitility-4.2.2.jar:/Users/artemderkach/.m2/repository/org/hamcrest/hamcrest/2.2/hamcrest-2.2.jar:/Users/artemderkach/.m2/repository/org/junit/jupiter/junit-jupiter/5.11.4/junit-jupiter-5.11.4.jar:/Users/artemderkach/.m2/repository/org/junit/jupiter/junit-jupiter-api/5.11.4/junit-jupiter-api-5.11.4.jar:/Users/artemderkach/.m2/repository/org/opentest4j/opentest4j/1.3.0/opentest4j-1.3.0.jar:/Users/artemderkach/.m2/repository/org/junit/platform/junit-platform-commons/1.11.4/junit-platform-commons-1.11.4.jar:/Users/artemderkach/.m2/repository/org/apiguardian/apiguardian-api/1.1.2/apiguardian-api-1.1.2.jar:/Users/artemderkach/.m2/repository/org/junit/jupiter/junit-jupiter-params/5.11.4/junit-jupiter-params-5.11.4.jar:/Users/artemderkach/.m2/repository/org/junit/jupiter/junit-jupiter-engine/5.11.4/junit-jupiter-engine-5.11.4.jar:/Users/artemderkach/.m2/repository/org/junit/platform/junit-platform-engine/1.11.4/junit-platform-engine-1.11.4.jar:/Users/artemderkach/.m2/repository/org/mockito/mockito-core/5.14.2/mockito-core-5.14.2.jar:/Users/artemderkach/.m2/repository/net/bytebuddy/byte-buddy-agent/1.15.11/byte-buddy-agent-1.15.11.jar:/Users/artemderkach/.m2/repository/org/objenesis/objenesis/3.3/objenesis-3.3.jar:/Users/artemderkach/.m2/repository/org/mockito/mockito-junit-jupiter/5.14.2/mockito-junit-jupiter-5.14.2.jar:/Users/artemderkach/.m2/repository/org/skyscreamer/jsonassert/1.5.3/jsonassert-1.5.3.jar:/Users/artemderkach/.m2/repository/com/vaadin/external/google/android-json/0.0.20131108.vaadin1/android-json-0.0.20131108.vaadin1.jar:/Users/artemderkach/.m2/repository/org/springframework/spring-test/6.2.6/spring-test-6.2.6.jar:/Users/artemderkach/.m2/repository/org/xmlunit/xmlunit-core/2.10.0/xmlunit-core-2.10.0.jar:/Users/artemderkach/.m2/repository/com/h2database/h2/2.3.232/h2-2.3.232.jar:"/>
    <property name="sun.cpu.endian" value="little"/>
    <property name="user.home" value="/Users/artemderkach"/>
    <property name="user.language" value="uk"/>
    <property name="java.specification.vendor" value="Oracle Corporation"/>
    <property name="java.version.date" value="2024-07-16"/>
    <property name="java.home" value="/Users/artemderkach/Library/Java/JavaVirtualMachines/corretto-22.0.2/Contents/Home"/>
    <property name="file.separator" value="/"/>
    <property name="basedir" value="/Users/artemderkach/Downloads/demomaven"/>
    <property name="java.vm.compressedOopsMode" value="Zero based"/>
    <property name="line.separator" value="&#10;"/>
    <property name="java.vm.specification.vendor" value="Oracle Corporation"/>
    <property name="java.specification.name" value="Java Platform API Specification"/>
    <property name="FILE_LOG_CHARSET" value="UTF-8"/>
    <property name="java.awt.headless" value="true"/>
    <property name="apple.awt.application.name" value="ForkedBooter"/>
    <property name="surefire.real.class.path" value="/Users/artemderkach/Downloads/demomaven/target/surefire/surefirebooter-20250522233549588_3.jar"/>
    <property name="sun.management.compiler" value="HotSpot 64-Bit Tiered Compilers"/>
    <property name="java.runtime.version" value="22.0.2+9-FR"/>
    <property name="user.name" value="artemderkach"/>
    <property name="stdout.encoding" value="UTF-8"/>
    <property name="path.separator" value=":"/>
    <property name="os.version" value="15.4.1"/>
    <property name="java.runtime.name" value="OpenJDK Runtime Environment"/>
    <property name="file.encoding" value="UTF-8"/>
    <property name="java.vm.name" value="OpenJDK 64-Bit Server VM"/>
    <property name="java.vendor.version" value="Corretto-22.0.2.9.1"/>
    <property name="localRepository" value="/Users/artemderkach/.m2/repository"/>
    <property name="java.vendor.url.bug" value="https://github.com/corretto/corretto-22/issues/"/>
    <property name="java.io.tmpdir" value="/var/folders/k4/0h4fxxwj1n33splpx36x6_340000gn/T/"/>
    <property name="java.version" value="22.0.2"/>
    <property name="user.dir" value="/Users/artemderkach/Downloads/demomaven"/>
    <property name="os.arch" value="aarch64"/>
    <property name="java.vm.specification.name" value="Java Virtual Machine Specification"/>
    <property name="PID" value="66106"/>
    <property name="CONSOLE_LOG_CHARSET" value="UTF-8"/>
    <property name="native.encoding" value="UTF-8"/>
    <property name="java.library.path" value="/Users/artemderkach/Library/Java/Extensions:/Library/Java/Extensions:/Network/Library/Java/Extensions:/System/Library/Java/Extensions:/usr/lib/java:."/>
    <property name="java.vm.info" value="mixed mode, sharing"/>
    <property name="stderr.encoding" value="UTF-8"/>
    <property name="java.vendor" value="Amazon.com Inc."/>
    <property name="java.vm.version" value="22.0.2+9-FR"/>
    <property name="sun.io.unicode.encoding" value="UnicodeBig"/>
    <property name="java.class.version" value="66.0"/>
    <property name="LOGGED_APPLICATION_NAME" value="[demomaven] "/>
  </properties>
  <testcase name="testSaveComponent" classname="com.example.demomaven.repository.ComponentRepositoryIntegrationTest" time="0.348">
    <system-out><![CDATA[23:35:50.022 [main] INFO org.springframework.test.context.support.AnnotationConfigContextLoaderUtils -- Could not detect default configuration classes for test class [com.example.demomaven.repository.ComponentRepositoryIntegrationTest]: ComponentRepositoryIntegrationTest does not declare any static, non-private, non-final, nested classes annotated with @Configuration.
23:35:50.089 [main] INFO org.springframework.boot.test.context.SpringBootTestContextBootstrapper -- Found @SpringBootConfiguration com.example.demomaven.DemomavenApplication for test class com.example.demomaven.repository.ComponentRepositoryIntegrationTest

  .   ____          _            __ _ _
 /\\ / ___'_ __ _ _(_)_ __  __ _ \ \ \ \
( ( )\___ | '_ | '_| | '_ \/ _` | \ \ \ \
 \\/  ___)| |_)| | | | | || (_| |  ) ) ) )
  '  |____| .__|_| |_|_| |_\__, | / / / /
 =========|_|==============|___/=/_/_/_/

 :: Spring Boot ::                (v3.4.5)

2025-05-22T23:35:50.352+03:00  INFO 66106 --- [demomaven] [           main] e.d.r.ComponentRepositoryIntegrationTest : Starting ComponentRepositoryIntegrationTest using Java 22.0.2 with PID 66106 (started by artemderkach in /Users/artemderkach/Downloads/demomaven)
2025-05-22T23:35:50.354+03:00  INFO 66106 --- [demomaven] [           main] e.d.r.ComponentRepositoryIntegrationTest : The following 1 profile is active: "test"
2025-05-22T23:35:50.533+03:00  INFO 66106 --- [demomaven] [           main] .s.d.r.c.RepositoryConfigurationDelegate : Bootstrapping Spring Data JPA repositories in DEFAULT mode.
2025-05-22T23:35:50.562+03:00  INFO 66106 --- [demomaven] [           main] .s.d.r.c.RepositoryConfigurationDelegate : Finished Spring Data repository scanning in 24 ms. Found 1 JPA repository interface.
2025-05-22T23:35:50.584+03:00  INFO 66106 --- [demomaven] [           main] beddedDataSourceBeanFactoryPostProcessor : Replacing 'dataSource' DataSource bean with embedded version
2025-05-22T23:35:50.623+03:00  INFO 66106 --- [demomaven] [           main] o.s.j.d.e.EmbeddedDatabaseFactory        : Starting embedded database: url='jdbc:h2:mem:27131e3a-f65e-4518-8d28-6311e7ccfb4d;DB_CLOSE_DELAY=-1;DB_CLOSE_ON_EXIT=false', username='sa'
2025-05-22T23:35:50.758+03:00  INFO 66106 --- [demomaven] [           main] o.hibernate.jpa.internal.util.LogHelper  : HHH000204: Processing PersistenceUnitInfo [name: default]
2025-05-22T23:35:50.784+03:00  INFO 66106 --- [demomaven] [           main] org.hibernate.Version                    : HHH000412: Hibernate ORM core version 6.6.13.Final
2025-05-22T23:35:50.797+03:00  INFO 66106 --- [demomaven] [           main] o.h.c.internal.RegionFactoryInitiator    : HHH000026: Second-level cache disabled
2025-05-22T23:35:50.919+03:00  INFO 66106 --- [demomaven] [           main] o.s.o.j.p.SpringPersistenceUnitInfo      : No LoadTimeWeaver setup: ignoring JPA class transformer
2025-05-22T23:35:50.939+03:00  WARN 66106 --- [demomaven] [           main] org.hibernate.dialect.Dialect            : HHH000511: The 2.3.232 version for [org.hibernate.dialect.PostgreSQLDialect] is no longer supported, hence certain features may not work properly. The minimum supported version is 12.0.0. Check the community dialects project for available legacy versions.
2025-05-22T23:35:50.941+03:00  WARN 66106 --- [demomaven] [           main] org.hibernate.orm.deprecation            : HHH90000025: PostgreSQLDialect does not need to be specified explicitly using 'hibernate.dialect' (remove the property setting and it will be selected by default)
2025-05-22T23:35:50.951+03:00  INFO 66106 --- [demomaven] [           main] org.hibernate.orm.connections.pooling    : HHH10001005: Database info:
	Database JDBC URL [Connecting through datasource 'org.springframework.jdbc.datasource.embedded.EmbeddedDatabaseFactory$EmbeddedDataSourceProxy@773eca84']
	Database driver: undefined/unknown
	Database version: 2.3.232
	Autocommit mode: undefined/unknown
	Isolation level: undefined/unknown
	Minimum pool size: undefined/unknown
	Maximum pool size: undefined/unknown
2025-05-22T23:35:51.455+03:00  INFO 66106 --- [demomaven] [           main] o.h.e.t.j.p.i.JtaPlatformInitiator       : HHH000489: No JTA platform available (set 'hibernate.transaction.jta.platform' to enable JTA platform integration)
Hibernate: 
    create table build_component (
        id bigint generated by default as identity,
        quantity integer,
        build_id bigint,
        component_id bigint,
        primary key (id)
    )
Hibernate: 
    create table component (
        id bigint generated by default as identity,
        description varchar(255),
        name varchar(255),
        power_consumption integer not null,
        type varchar(255),
        manufacturer_id bigint,
        primary key (id)
    )
Hibernate: 
    create table computer_build (
        id bigint generated by default as identity,
        created_date timestamp(6),
        description varchar(255),
        estimated_price float(53),
        name varchar(255),
        total_power_consumption integer,
        user_id bigint,
        primary key (id)
    )
Hibernate: 
    create table cpu (
        base_clockghz float(53),
        boost_clockghz float(53),
        cache_size integer,
        cores integer,
        process_nm integer,
        socket varchar(255),
        threads integer,
        component_id bigint not null,
        primary key (component_id)
    )
Hibernate: 
    create table gpu (
        boost_clock integer,
        core_clock integer,
        interface_type varchar(255),
        length integer,
        memorygb integer,
        memory_type varchar(255),
        component_id bigint not null,
        primary key (component_id)
    )
Hibernate: 
    create table manufacturer (
        id bigint generated by default as identity,
        country varchar(255),
        founded_year integer,
        name varchar(255),
        website varchar(255),
        primary key (id)
    )
Hibernate: 
    create table motherboard (
        chipset varchar(255),
        form_factor varchar(255),
        max_memory integer,
        memory_slots integer,
        socket varchar(255),
        component_id bigint not null,
        primary key (component_id)
    )
Hibernate: 
    create table ram (
        capacitygb integer,
        cas_latency integer,
        modules integer,
        speed integer,
        component_id bigint not null,
        primary key (component_id)
    )
Hibernate: 
    create table storage (
        capacitygb integer,
        interface_type varchar(255),
        read_speed integer,
        write_speed integer,
        component_id bigint not null,
        primary key (component_id)
    )
Hibernate: 
    create table users (
        id bigint generated by default as identity,
        email varchar(255),
        password varchar(255),
        registration_date timestamp(6),
        username varchar(255),
        primary key (id)
    )
Hibernate: 
    alter table if exists build_component 
       add constraint FKek9kcb7ducypvghxuvto44sd5 
       foreign key (build_id) 
       references computer_build
Hibernate: 
    alter table if exists build_component 
       add constraint FK8dxfp4pqeciaw4rw5l47934c7 
       foreign key (component_id) 
       references component
Hibernate: 
    alter table if exists component 
       add constraint FK9s6pcjfmemxpwu5c8wyqqk2q9 
       foreign key (manufacturer_id) 
       references manufacturer
Hibernate: 
    alter table if exists computer_build 
       add constraint FKebhem1gg31ojmvk84l924bd2c 
       foreign key (user_id) 
       references users
Hibernate: 
    alter table if exists cpu 
       add constraint FK42j66lty714mr3elsi7riax4q 
       foreign key (component_id) 
       references component
Hibernate: 
    alter table if exists gpu 
       add constraint FKnsohqi3ux48i4vgu7ge4d7kmg 
       foreign key (component_id) 
       references component
Hibernate: 
    alter table if exists motherboard 
       add constraint FKn07939qutv8mur1749jdkct13 
       foreign key (component_id) 
       references component
Hibernate: 
    alter table if exists ram 
       add constraint FKd0qgnc61oarour5i4an96v5pb 
       foreign key (component_id) 
       references component
Hibernate: 
    alter table if exists storage 
       add constraint FKj0hjmthkc9g6xs8on29thsg6t 
       foreign key (component_id) 
       references component
2025-05-22T23:35:51.502+03:00  INFO 66106 --- [demomaven] [           main] j.LocalContainerEntityManagerFactoryBean : Initialized JPA EntityManagerFactory for persistence unit 'default'
2025-05-22T23:35:51.665+03:00  INFO 66106 --- [demomaven] [           main] e.d.r.ComponentRepositoryIntegrationTest : Started ComponentRepositoryIntegrationTest in 1.539 seconds (process running for 2.032)
Hibernate: 
    insert 
    into
        component
        (description, manufacturer_id, name, power_consumption, type) 
    values
        (?, ?, ?, ?, ?)
]]></system-out>
    <system-err><![CDATA[Mockito is currently self-attaching to enable the inline-mock-maker. This will no longer work in future releases of the JDK. Please add Mockito as an agent to your build what is described in Mockito's documentation: https://javadoc.io/doc/org.mockito/mockito-core/latest/org/mockito/Mockito.html#0.3
WARNING: A Java agent has been loaded dynamically (/Users/artemderkach/.m2/repository/net/bytebuddy/byte-buddy-agent/1.15.11/byte-buddy-agent-1.15.11.jar)
WARNING: If a serviceability tool is in use, please run with -XX:+EnableDynamicAgentLoading to hide this warning
WARNING: If a serviceability tool is not in use, please run with -Djdk.instrument.traceUsage for more information
WARNING: Dynamic loading of agents will be disallowed by default in a future release
]]></system-err>
  </testcase>
  <testcase name="testFindAll" classname="com.example.demomaven.repository.ComponentRepositoryIntegrationTest" time="0.054">
    <system-out><![CDATA[Hibernate: 
    insert 
    into
        component
        (description, manufacturer_id, name, power_consumption, type) 
    values
        (?, ?, ?, ?, ?)
Hibernate: 
    insert 
    into
        component
        (description, manufacturer_id, name, power_consumption, type) 
    values
        (?, ?, ?, ?, ?)
Hibernate: 
    select
        c1_0.id,
        case 
            when c1_1.component_id is not null 
                then 1 
            when c1_2.component_id is not null 
                then 2 
            when c1_3.component_id is not null 
                then 3 
            when c1_4.component_id is not null 
                then 4 
            when c1_5.component_id is not null 
                then 5 
            when c1_0.id is not null 
                then 0 
        end,
        c1_0.description,
        c1_0.manufacturer_id,
        c1_0.name,
        c1_0.power_consumption,
        c1_0.type,
        c1_1.base_clockghz,
        c1_1.boost_clockghz,
        c1_1.cache_size,
        c1_1.cores,
        c1_1.process_nm,
        c1_1.socket,
        c1_1.threads,
        c1_2.boost_clock,
        c1_2.core_clock,
        c1_2.interface_type,
        c1_2.length,
        c1_2.memorygb,
        c1_2.memory_type,
        c1_3.chipset,
        c1_3.form_factor,
        c1_3.max_memory,
        c1_3.memory_slots,
        c1_3.socket,
        c1_4.capacitygb,
        c1_4.cas_latency,
        c1_4.modules,
        c1_4.speed,
        c1_5.capacitygb,
        c1_5.interface_type,
        c1_5.read_speed,
        c1_5.write_speed 
    from
        component c1_0 
    left join
        cpu c1_1 
            on c1_0.id=c1_1.component_id 
    left join
        gpu c1_2 
            on c1_0.id=c1_2.component_id 
    left join
        motherboard c1_3 
            on c1_0.id=c1_3.component_id 
    left join
        ram c1_4 
            on c1_0.id=c1_4.component_id 
    left join
        storage c1_5 
            on c1_0.id=c1_5.component_id
]]></system-out>
  </testcase>
  <testcase name="testFindByType" classname="com.example.demomaven.repository.ComponentRepositoryIntegrationTest" time="0.017">
    <system-out><![CDATA[Hibernate: 
    insert 
    into
        component
        (description, manufacturer_id, name, power_consumption, type) 
    values
        (?, ?, ?, ?, ?)
Hibernate: 
    insert 
    into
        component
        (description, manufacturer_id, name, power_consumption, type) 
    values
        (?, ?, ?, ?, ?)
Hibernate: 
    insert 
    into
        component
        (description, manufacturer_id, name, power_consumption, type) 
    values
        (?, ?, ?, ?, ?)
Hibernate: 
    select
        c1_0.id,
        case 
            when c1_1.component_id is not null 
                then 1 
            when c1_2.component_id is not null 
                then 2 
            when c1_3.component_id is not null 
                then 3 
            when c1_4.component_id is not null 
                then 4 
            when c1_5.component_id is not null 
                then 5 
            when c1_0.id is not null 
                then 0 
        end,
        c1_0.description,
        c1_0.manufacturer_id,
        c1_0.name,
        c1_0.power_consumption,
        c1_0.type,
        c1_1.base_clockghz,
        c1_1.boost_clockghz,
        c1_1.cache_size,
        c1_1.cores,
        c1_1.process_nm,
        c1_1.socket,
        c1_1.threads,
        c1_2.boost_clock,
        c1_2.core_clock,
        c1_2.interface_type,
        c1_2.length,
        c1_2.memorygb,
        c1_2.memory_type,
        c1_3.chipset,
        c1_3.form_factor,
        c1_3.max_memory,
        c1_3.memory_slots,
        c1_3.socket,
        c1_4.capacitygb,
        c1_4.cas_latency,
        c1_4.modules,
        c1_4.speed,
        c1_5.capacitygb,
        c1_5.interface_type,
        c1_5.read_speed,
        c1_5.write_speed 
    from
        component c1_0 
    left join
        cpu c1_1 
            on c1_0.id=c1_1.component_id 
    left join
        gpu c1_2 
            on c1_0.id=c1_2.component_id 
    left join
        motherboard c1_3 
            on c1_0.id=c1_3.component_id 
    left join
        ram c1_4 
            on c1_0.id=c1_4.component_id 
    left join
        storage c1_5 
            on c1_0.id=c1_5.component_id 
    where
        c1_0.type=?
]]></system-out>
  </testcase>
  <testcase name="testFindAllById" classname="com.example.demomaven.repository.ComponentRepositoryIntegrationTest" time="0.009">
    <system-out><![CDATA[Hibernate: 
    insert 
    into
        component
        (description, manufacturer_id, name, power_consumption, type) 
    values
        (?, ?, ?, ?, ?)
Hibernate: 
    insert 
    into
        component
        (description, manufacturer_id, name, power_consumption, type) 
    values
        (?, ?, ?, ?, ?)
Hibernate: 
    select
        c1_0.id,
        case 
            when c1_1.component_id is not null 
                then 1 
            when c1_2.component_id is not null 
                then 2 
            when c1_3.component_id is not null 
                then 3 
            when c1_4.component_id is not null 
                then 4 
            when c1_5.component_id is not null 
                then 5 
            when c1_0.id is not null 
                then 0 
        end,
        c1_0.description,
        c1_0.manufacturer_id,
        c1_0.name,
        c1_0.power_consumption,
        c1_0.type,
        c1_1.base_clockghz,
        c1_1.boost_clockghz,
        c1_1.cache_size,
        c1_1.cores,
        c1_1.process_nm,
        c1_1.socket,
        c1_1.threads,
        c1_2.boost_clock,
        c1_2.core_clock,
        c1_2.interface_type,
        c1_2.length,
        c1_2.memorygb,
        c1_2.memory_type,
        c1_3.chipset,
        c1_3.form_factor,
        c1_3.max_memory,
        c1_3.memory_slots,
        c1_3.socket,
        c1_4.capacitygb,
        c1_4.cas_latency,
        c1_4.modules,
        c1_4.speed,
        c1_5.capacitygb,
        c1_5.interface_type,
        c1_5.read_speed,
        c1_5.write_speed 
    from
        component c1_0 
    left join
        cpu c1_1 
            on c1_0.id=c1_1.component_id 
    left join
        gpu c1_2 
            on c1_0.id=c1_2.component_id 
    left join
        motherboard c1_3 
            on c1_0.id=c1_3.component_id 
    left join
        ram c1_4 
            on c1_0.id=c1_4.component_id 
    left join
        storage c1_5 
            on c1_0.id=c1_5.component_id 
    where
        c1_0.id in (?, ?)
]]></system-out>
  </testcase>
</testsuite>